<?xml version="1.0" encoding="UTF-8"?>
<!-- Generated by org.testng.reporters.JUnitReportReporter -->
<testsuite hostname="DESKTOP-FTFT8JQ" failures="0" tests="1" name="com.test.rest_api.oauth2_validations" time="14.388" errors="0" timestamp="2021-07-04T01:57:19 IST" skipped="0">
  <testcase classname="com.test.rest_api.oauth2_validations" name="bookmyshow" time="14.388"/>
  <system-out/>
</testsuite> <!-- com.test.rest_api.oauth2_validations -->
