<?xml version="1.0" encoding="UTF-8"?>
<!-- Generated by org.testng.reporters.JUnitReportReporter -->
<testsuite hostname="DESKTOP-FTFT8JQ" failures="0" tests="1" name="com.test.rest_api.Get_Token_Jira" time="1.747" errors="0" timestamp="2021-06-24T20:14:07 IST" skipped="0">
  <testcase classname="com.test.rest_api.Get_Token_Jira" name="session_filter" time="1.747"/>
  <system-out/>
</testsuite> <!-- com.test.rest_api.Get_Token_Jira -->
