<?xml version="1.0" encoding="UTF-8"?>
<!-- Generated by org.testng.reporters.JUnitReportReporter -->
<testsuite hostname="DESKTOP-FTFT8JQ" failures="0" tests="1" name="deserialize.oauth2_validations" time="13.161" errors="0" timestamp="2021-07-04T09:22:13 IST" skipped="0">
  <testcase classname="deserialize.oauth2_validations" name="bookmyshow" time="13.161"/>
  <system-out/>
</testsuite> <!-- deserialize.oauth2_validations -->
