<?xml version="1.0" encoding="UTF-8"?>
<!-- Generated by org.testng.reporters.JUnitReportReporter -->
<testsuite hostname="DESKTOP-FTFT8JQ" failures="0" tests="1" name="com.test.rest_api.Parsing_json_Jira" time="4.823" errors="0" timestamp="2021-06-25T18:53:08 IST" skipped="0">
  <testcase classname="com.test.rest_api.Parsing_json_Jira" name="comments_filter" time="4.823"/>
  <system-out/>
</testsuite> <!-- com.test.rest_api.Parsing_json_Jira -->
