<?xml version="1.0" encoding="UTF-8"?>
<!-- Generated by org.testng.reporters.JUnitReportReporter -->
<testsuite hostname="DESKTOP-FTFT8JQ" failures="0" tests="1" name="serialize.Add_Place" time="2.783" errors="0" timestamp="2021-07-04T03:23:18 IST" skipped="0">
  <testcase classname="serialize.Add_Place" name="Add_place" time="2.783"/>
  <system-out/>
</testsuite> <!-- serialize.Add_Place -->
