<?xml version="1.0" encoding="UTF-8"?>
<!-- Generated by org.testng.reporters.JUnitReportReporter -->
<testsuite hostname="DESKTOP-FTFT8JQ" failures="0" tests="1" name="com.test.rest_api.Jira_Test" time="2.548" errors="0" timestamp="2021-06-24T19:20:26 IST" skipped="0">
  <testcase classname="com.test.rest_api.Jira_Test" name="abc" time="2.548"/>
  <system-out/>
</testsuite> <!-- com.test.rest_api.Jira_Test -->
